{"contracts\\AegentMarketRegistry.sol":{"l":{"74":11,"75":0,"77":11,"81":1,"83":10,"88":0,"90":10,"91":10,"92":10,"93":10,"97":32,"98":11,"99":1,"103":31,"104":1,"107":30,"108":0,"111":30,"115":1,"118":29,"119":29,"120":29,"121":29,"130":3,"131":0,"133":3,"142":0,"145":3,"146":3,"147":3,"155":3,"169":71,"170":3,"172":68,"173":4,"176":64,"177":64,"178":48,"180":16,"181":4,"183":12,"191":38,"192":38,"193":38,"194":38,"196":38,"205":6,"208":32,"209":18,"210":18,"213":14,"214":4,"217":10,"218":10,"219":10,"220":10,"221":10,"222":10,"223":10,"230":10,"238":45,"239":45,"240":45,"246":1,"249":44,"258":22,"259":22,"260":22,"264":21,"266":22,"269":22,"276":10,"277":10,"281":9,"287":20,"295":2,"299":2,"306":1,"310":60,"311":45,"313":15,"314":1,"316":14,"327":114,"328":0,"330":114,"333":114,"334":0,"337":0,"339":114,"342":114,"344":0},"path":"review-workspace/contracts/AegentMarketRegistry.sol","s":{"1":11,"2":11,"3":10,"4":32,"5":11,"6":31,"7":30,"8":30,"9":29,"10":29,"11":3,"12":3,"13":3,"14":3,"15":71,"16":3,"17":68,"18":4,"19":64,"20":48,"21":16,"22":4,"23":12,"24":38,"25":6,"26":32,"27":18,"28":14,"29":4,"30":10,"31":10,"32":45,"33":1,"34":44,"35":22,"36":22,"37":22,"38":10,"39":20,"40":60,"41":45,"42":15,"43":1,"44":14,"45":114,"46":0,"47":114,"48":114,"49":0,"50":0,"51":114,"52":114,"53":0},"b":{"1":[0,11],"2":[1,10],"3":[0,1],"4":[0,10],"5":[0,0],"6":[0,0],"7":[32,1],"8":[11,21],"9":[8,3],"10":[1,10],"11":[1,30],"12":[0,30],"13":[1,29],"14":[3,1],"15":[0,3],"16":[0,3],"17":[0,0],"18":[0,0],"19":[0,0],"20":[0,0],"21":[0,0],"22":[0,0],"23":[3,68],"24":[4,64],"25":[48,16],"26":[4,12],"27":[6,32],"28":[5,0],"29":[0,1],"30":[1,0],"31":[18,14],"32":[4,10],"33":[1,44],"34":[22,22],"35":[10,12],"36":[1,0],"37":[45,15],"38":[1,14],"39":[0,114],"40":[0,114]},"f":{"1":11,"2":32,"3":3,"4":71,"5":38,"6":10,"7":45,"8":20,"9":2,"10":1,"11":60,"12":114},"fnMap":{"1":{"name":"constructor","line":73,"loc":{"start":{"line":67,"column":4},"end":{"line":94,"column":4}}},"2":{"name":"setMode","line":96,"loc":{"start":{"line":96,"column":4},"end":{"line":122,"column":4}}},"3":{"name":"configureLimitedWindow","line":129,"loc":{"start":{"line":124,"column":4},"end":{"line":162,"column":4}}},"4":{"name":"currentPhase","line":164,"loc":{"start":{"line":164,"column":4},"end":{"line":184,"column":4}}},"5":{"name":"purchaseTerms","line":186,"loc":{"start":{"line":186,"column":4},"end":{"line":227,"column":4}}},"6":{"name":"isPurchaseEnabled","line":229,"loc":{"start":{"line":229,"column":4},"end":{"line":231,"column":4}}},"7":{"name":"redemptionTerms","line":233,"loc":{"start":{"line":233,"column":4},"end":{"line":284,"column":4}}},"8":{"name":"isRedemptionEnabled","line":286,"loc":{"start":{"line":286,"column":4},"end":{"line":288,"column":4}}},"9":{"name":"endpointBindingsReady","line":290,"loc":{"start":{"line":290,"column":4},"end":{"line":303,"column":4}}},"10":{"name":"renounceOwnership","line":305,"loc":{"start":{"line":305,"column":4},"end":{"line":307,"column":4}}},"11":{"name":"_phaseEndsAt","line":309,"loc":{"start":{"line":309,"column":4},"end":{"line":317,"column":4}}},"12":{"name":"_isCompatibleEndpoint","line":319,"loc":{"start":{"line":319,"column":4},"end":{"line":346,"column":4}}}},"statementMap":{"1":{"start":{"line":74,"column":8},"end":{"line":74,"column":2780}},"2":{"start":{"line":77,"column":8},"end":{"line":77,"column":2878}},"3":{"start":{"line":83,"column":8},"end":{"line":83,"column":3044}},"4":{"start":{"line":97,"column":8},"end":{"line":97,"column":3493}},"5":{"start":{"line":98,"column":12},"end":{"line":98,"column":3583}},"6":{"start":{"line":103,"column":8},"end":{"line":103,"column":3689}},"7":{"start":{"line":107,"column":8},"end":{"line":107,"column":3826}},"8":{"start":{"line":111,"column":8},"end":{"line":111,"column":3968}},"9":{"start":{"line":118,"column":8},"end":{"line":118,"column":38}},"10":{"start":{"line":121,"column":8},"end":{"line":121,"column":65}},"11":{"start":{"line":130,"column":8},"end":{"line":130,"column":4483}},"12":{"start":{"line":133,"column":8},"end":{"line":133,"column":4597}},"13":{"start":{"line":145,"column":8},"end":{"line":145,"column":50}},"14":{"start":{"line":155,"column":8},"end":{"line":155,"column":5224}},"15":{"start":{"line":169,"column":8},"end":{"line":169,"column":5539}},"16":{"start":{"line":170,"column":12},"end":{"line":170,"column":52}},"17":{"start":{"line":172,"column":8},"end":{"line":172,"column":5646}},"18":{"start":{"line":173,"column":12},"end":{"line":173,"column":28}},"19":{"start":{"line":177,"column":8},"end":{"line":177,"column":5783}},"20":{"start":{"line":178,"column":12},"end":{"line":178,"column":56}},"21":{"start":{"line":180,"column":8},"end":{"line":180,"column":5902}},"22":{"start":{"line":181,"column":12},"end":{"line":181,"column":56}},"23":{"start":{"line":183,"column":8},"end":{"line":183,"column":54}},"24":{"start":{"line":196,"column":8},"end":{"line":196,"column":6386}},"25":{"start":{"line":205,"column":12},"end":{"line":205,"column":24}},"26":{"start":{"line":208,"column":8},"end":{"line":208,"column":6726}},"27":{"start":{"line":210,"column":12},"end":{"line":210,"column":24}},"28":{"start":{"line":213,"column":8},"end":{"line":213,"column":6836}},"29":{"start":{"line":214,"column":12},"end":{"line":214,"column":24}},"30":{"start":{"line":217,"column":8},"end":{"line":217,"column":51}},"31":{"start":{"line":230,"column":8},"end":{"line":230,"column":38}},"32":{"start":{"line":240,"column":8},"end":{"line":240,"column":7662}},"33":{"start":{"line":246,"column":12},"end":{"line":246,"column":24}},"34":{"start":{"line":249,"column":8},"end":{"line":249,"column":7851}},"35":{"start":{"line":260,"column":12},"end":{"line":260,"column":8394}},"36":{"start":{"line":266,"column":12},"end":{"line":266,"column":24}},"37":{"start":{"line":269,"column":8},"end":{"line":269,"column":8638}},"38":{"start":{"line":277,"column":12},"end":{"line":277,"column":9054}},"39":{"start":{"line":287,"column":8},"end":{"line":287,"column":40}},"40":{"start":{"line":310,"column":8},"end":{"line":310,"column":9965}},"41":{"start":{"line":311,"column":12},"end":{"line":311,"column":53}},"42":{"start":{"line":313,"column":8},"end":{"line":313,"column":10058}},"43":{"start":{"line":314,"column":12},"end":{"line":314,"column":53}},"44":{"start":{"line":316,"column":8},"end":{"line":316,"column":22}},"45":{"start":{"line":327,"column":8},"end":{"line":327,"column":10339}},"46":{"start":{"line":328,"column":12},"end":{"line":328,"column":24}},"47":{"start":{"line":330,"column":8},"end":{"line":330,"column":10417}},"48":{"start":{"line":333,"column":12},"end":{"line":333,"column":10546}},"49":{"start":{"line":334,"column":16},"end":{"line":334,"column":28}},"50":{"start":{"line":337,"column":12},"end":{"line":337,"column":24}},"51":{"start":{"line":339,"column":8},"end":{"line":339,"column":10690}},"52":{"start":{"line":342,"column":12},"end":{"line":342,"column":48}},"53":{"start":{"line":344,"column":12},"end":{"line":344,"column":24}}},"branchMap":{"1":{"line":74,"type":"if","locations":[{"start":{"line":74,"column":8},"end":{"line":74,"column":8}},{"start":{"line":74,"column":8},"end":{"line":74,"column":8}}]},"2":{"line":77,"type":"if","locations":[{"start":{"line":77,"column":8},"end":{"line":77,"column":8}},{"start":{"line":77,"column":8},"end":{"line":77,"column":8}}]},"3":{"line":78,"type":"cond-expr","locations":[{"start":{"line":78,"column":12},"end":{"line":78,"column":33}},{"start":{"line":79,"column":12},"end":{"line":79,"column":49}}]},"4":{"line":83,"type":"if","locations":[{"start":{"line":83,"column":8},"end":{"line":83,"column":8}},{"start":{"line":83,"column":8},"end":{"line":83,"column":8}}]},"5":{"line":84,"type":"cond-expr","locations":[{"start":{"line":84,"column":12},"end":{"line":84,"column":40}},{"start":{"line":85,"column":12},"end":{"line":85,"column":44}}]},"6":{"line":84,"type":"cond-expr","locations":[{"start":{"line":84,"column":12},"end":{"line":85,"column":44}},{"start":{"line":86,"column":12},"end":{"line":86,"column":49}}]},"7":{"line":96,"type":"if","locations":[{"start":{"line":96,"column":50},"end":{"line":96,"column":50}},{"start":{"line":96,"column":50},"end":{"line":96,"column":50}}]},"8":{"line":97,"type":"if","locations":[{"start":{"line":97,"column":8},"end":{"line":97,"column":8}},{"start":{"line":97,"column":8},"end":{"line":97,"column":8}}]},"9":{"line":97,"type":"cond-expr","locations":[{"start":{"line":97,"column":12},"end":{"line":97,"column":37}},{"start":{"line":97,"column":42},"end":{"line":97,"column":77}}]},"10":{"line":98,"type":"if","locations":[{"start":{"line":98,"column":12},"end":{"line":98,"column":12}},{"start":{"line":98,"column":12},"end":{"line":98,"column":12}}]},"11":{"line":103,"type":"if","locations":[{"start":{"line":103,"column":8},"end":{"line":103,"column":8}},{"start":{"line":103,"column":8},"end":{"line":103,"column":8}}]},"12":{"line":107,"type":"if","locations":[{"start":{"line":107,"column":8},"end":{"line":107,"column":8}},{"start":{"line":107,"column":8},"end":{"line":107,"column":8}}]},"13":{"line":111,"type":"if","locations":[{"start":{"line":111,"column":8},"end":{"line":111,"column":8}},{"start":{"line":111,"column":8},"end":{"line":111,"column":8}}]},"14":{"line":129,"type":"if","locations":[{"start":{"line":129,"column":15},"end":{"line":129,"column":15}},{"start":{"line":129,"column":15},"end":{"line":129,"column":15}}]},"15":{"line":130,"type":"if","locations":[{"start":{"line":130,"column":8},"end":{"line":130,"column":8}},{"start":{"line":130,"column":8},"end":{"line":130,"column":8}}]},"16":{"line":133,"type":"if","locations":[{"start":{"line":133,"column":8},"end":{"line":133,"column":8}},{"start":{"line":133,"column":8},"end":{"line":133,"column":8}}]},"17":{"line":134,"type":"cond-expr","locations":[{"start":{"line":134,"column":12},"end":{"line":134,"column":36}},{"start":{"line":135,"column":12},"end":{"line":135,"column":30}}]},"18":{"line":134,"type":"cond-expr","locations":[{"start":{"line":134,"column":12},"end":{"line":135,"column":30}},{"start":{"line":136,"column":12},"end":{"line":136,"column":27}}]},"19":{"line":134,"type":"cond-expr","locations":[{"start":{"line":134,"column":12},"end":{"line":136,"column":27}},{"start":{"line":137,"column":12},"end":{"line":137,"column":26}}]},"20":{"line":134,"type":"cond-expr","locations":[{"start":{"line":134,"column":12},"end":{"line":137,"column":26}},{"start":{"line":138,"column":12},"end":{"line":138,"column":28}}]},"21":{"line":134,"type":"cond-expr","locations":[{"start":{"line":134,"column":12},"end":{"line":138,"column":28}},{"start":{"line":139,"column":12},"end":{"line":139,"column":29}}]},"22":{"line":134,"type":"cond-expr","locations":[{"start":{"line":134,"column":12},"end":{"line":139,"column":29}},{"start":{"line":140,"column":12},"end":{"line":140,"column":39}}]},"23":{"line":169,"type":"if","locations":[{"start":{"line":169,"column":8},"end":{"line":169,"column":8}},{"start":{"line":169,"column":8},"end":{"line":169,"column":8}}]},"24":{"line":172,"type":"if","locations":[{"start":{"line":172,"column":8},"end":{"line":172,"column":8}},{"start":{"line":172,"column":8},"end":{"line":172,"column":8}}]},"25":{"line":177,"type":"if","locations":[{"start":{"line":177,"column":8},"end":{"line":177,"column":8}},{"start":{"line":177,"column":8},"end":{"line":177,"column":8}}]},"26":{"line":180,"type":"if","locations":[{"start":{"line":180,"column":8},"end":{"line":180,"column":8}},{"start":{"line":180,"column":8},"end":{"line":180,"column":8}}]},"27":{"line":196,"type":"if","locations":[{"start":{"line":196,"column":8},"end":{"line":196,"column":8}},{"start":{"line":196,"column":8},"end":{"line":196,"column":8}}]},"28":{"line":197,"type":"cond-expr","locations":[{"start":{"line":197,"column":12},"end":{"line":197,"column":29}},{"start":{"line":198,"column":12},"end":{"line":198,"column":38}}]},"29":{"line":197,"type":"cond-expr","locations":[{"start":{"line":197,"column":12},"end":{"line":198,"column":38}},{"start":{"line":199,"column":12},"end":{"line":199,"column":69}}]},"30":{"line":197,"type":"cond-expr","locations":[{"start":{"line":197,"column":12},"end":{"line":199,"column":69}},{"start":{"line":200,"column":12},"end":{"line":203,"column":12}}]},"31":{"line":208,"type":"if","locations":[{"start":{"line":208,"column":8},"end":{"line":208,"column":8}},{"start":{"line":208,"column":8},"end":{"line":208,"column":8}}]},"32":{"line":213,"type":"if","locations":[{"start":{"line":213,"column":8},"end":{"line":213,"column":8}},{"start":{"line":213,"column":8},"end":{"line":213,"column":8}}]},"33":{"line":240,"type":"if","locations":[{"start":{"line":240,"column":8},"end":{"line":240,"column":8}},{"start":{"line":240,"column":8},"end":{"line":240,"column":8}}]},"34":{"line":249,"type":"if","locations":[{"start":{"line":249,"column":8},"end":{"line":249,"column":8}},{"start":{"line":249,"column":8},"end":{"line":249,"column":8}}]},"35":{"line":269,"type":"if","locations":[{"start":{"line":269,"column":8},"end":{"line":269,"column":8}},{"start":{"line":269,"column":8},"end":{"line":269,"column":8}}]},"36":{"line":305,"type":"if","locations":[{"start":{"line":305,"column":54},"end":{"line":305,"column":54}},{"start":{"line":305,"column":54},"end":{"line":305,"column":54}}]},"37":{"line":310,"type":"if","locations":[{"start":{"line":310,"column":8},"end":{"line":310,"column":8}},{"start":{"line":310,"column":8},"end":{"line":310,"column":8}}]},"38":{"line":313,"type":"if","locations":[{"start":{"line":313,"column":8},"end":{"line":313,"column":8}},{"start":{"line":313,"column":8},"end":{"line":313,"column":8}}]},"39":{"line":327,"type":"if","locations":[{"start":{"line":327,"column":8},"end":{"line":327,"column":8}},{"start":{"line":327,"column":8},"end":{"line":327,"column":8}}]},"40":{"line":333,"type":"if","locations":[{"start":{"line":333,"column":12},"end":{"line":333,"column":12}},{"start":{"line":333,"column":12},"end":{"line":333,"column":12}}]}}},"contracts\\AegentRedemptionV2.sol":{"l":{"196":4,"201":0,"203":4,"204":0,"206":4,"207":4,"208":4,"209":4,"216":0,"218":4,"219":0,"222":4,"223":4,"224":4,"225":4,"226":4,"227":4,"228":4,"230":4,"231":4,"232":4,"233":0,"235":4,"236":0,"238":4,"242":50,"246":1,"247":0,"249":1,"250":1,"255":1,"256":1,"257":0,"259":1,"267":3,"268":0,"270":3,"271":3,"275":3,"300":19,"313":9,"314":9,"315":9,"316":0,"319":9,"320":9,"321":9,"324":9,"325":6,"332":6,"339":6,"340":6,"342":9,"343":9,"345":9,"346":3,"348":9,"349":9,"368":1,"369":0,"371":1,"373":1,"384":6,"385":6,"386":1,"388":5,"389":5,"390":0,"393":5,"395":5,"396":5,"397":5,"398":1,"401":4,"402":4,"403":0,"405":4,"406":4,"407":4,"408":4,"409":4,"411":4,"418":4,"419":4,"430":2,"431":2,"432":0,"434":2,"437":2,"438":2,"439":2,"443":0,"444":0,"445":0,"446":0,"450":2,"451":2,"452":2,"457":0,"459":2,"460":2,"461":2,"462":2,"463":2,"473":7,"474":7,"475":0,"477":7,"478":0,"480":7,"481":5,"482":5,"483":5,"487":5,"488":3,"491":4,"492":4,"499":3,"500":3,"501":0,"503":3,"504":0,"506":3,"507":3,"508":3,"511":3,"512":2,"514":1,"515":1,"519":0,"523":30,"524":30,"528":0,"531":30,"532":30,"533":30,"537":21,"538":21,"546":9,"560":31,"561":31,"562":0,"564":31,"565":31,"569":28,"571":3,"573":28,"577":28,"578":1,"580":27,"581":27,"589":27,"590":27,"591":0,"593":27,"594":27,"598":26,"600":1,"602":26,"604":26,"605":0,"607":26,"614":22,"615":0,"617":22,"618":0,"620":22,"621":0,"623":22,"624":22,"625":1,"630":21,"631":21,"632":1,"638":20,"639":15,"640":0,"645":15,"646":0,"651":15,"652":0,"657":15,"658":0,"664":15,"665":15,"669":5,"670":5,"671":5,"672":0,"674":5,"679":5,"681":10,"687":14,"688":0,"694":14,"695":0,"697":14,"698":1,"704":13,"705":13,"706":13,"707":0,"713":13,"714":13,"716":13,"717":0,"722":13,"725":13,"726":1,"739":10,"741":10,"742":10,"743":10,"744":1,"750":9,"751":0,"756":9,"763":9,"764":9,"765":9,"771":9,"772":9,"773":9,"775":9,"776":9,"779":9,"787":16,"788":16,"789":0,"792":16,"794":16,"795":16,"796":16,"797":16,"799":0,"801":16,"802":16,"804":0,"807":16,"808":16,"813":0,"816":16,"819":16,"823":16,"824":16,"832":23,"833":23,"834":0,"836":23,"837":23,"838":5,"843":3,"844":3,"849":3,"850":3,"851":0,"856":9,"857":9,"858":9,"859":9,"860":0,"865":4,"866":4,"867":4,"868":4,"869":0,"874":10,"875":0,"880":4,"885":0,"890":12,"891":0,"896":0},"path":"review-workspace/contracts/AegentRedemptionV2.sol","s":{"1":4,"2":4,"3":4,"4":4,"5":4,"6":4,"7":4,"8":4,"9":4,"10":4,"11":4,"12":50,"13":1,"14":1,"15":1,"16":1,"17":1,"18":1,"19":3,"20":3,"21":3,"22":19,"23":9,"24":9,"25":9,"26":6,"27":9,"28":3,"29":9,"30":9,"31":1,"32":1,"33":1,"34":6,"35":6,"36":5,"37":5,"38":5,"39":5,"40":5,"41":4,"42":4,"43":4,"44":4,"45":4,"46":2,"47":2,"48":2,"49":2,"50":0,"51":0,"52":2,"53":2,"54":2,"55":2,"56":7,"57":7,"58":7,"59":7,"60":5,"61":5,"62":5,"63":5,"64":4,"65":4,"66":3,"67":3,"68":3,"69":3,"70":3,"71":3,"72":3,"73":1,"74":1,"75":30,"76":30,"77":0,"78":30,"79":30,"80":30,"81":21,"82":21,"83":9,"84":31,"85":31,"86":0,"87":31,"88":31,"89":3,"90":28,"91":28,"92":1,"93":27,"94":27,"95":27,"96":27,"97":0,"98":27,"99":27,"100":1,"101":26,"102":26,"103":0,"104":26,"105":22,"106":22,"107":22,"108":22,"109":22,"110":21,"111":15,"112":15,"113":15,"114":15,"115":15,"116":15,"117":5,"118":5,"119":14,"120":14,"121":14,"122":13,"123":13,"124":13,"125":10,"126":10,"127":10,"128":10,"129":9,"130":9,"131":9,"132":9,"133":16,"134":16,"135":16,"136":16,"137":16,"138":16,"139":16,"140":16,"141":23,"142":23,"143":23,"144":3,"145":3,"146":3,"147":3,"148":9,"149":9,"150":9,"151":9,"152":4,"153":4,"154":4,"155":4,"156":10,"157":4,"158":12},"b":{"1":[0,4],"2":[0,0],"3":[0,0],"4":[0,4],"5":[0,4],"6":[0,0],"7":[0,0],"8":[0,0],"9":[0,0],"10":[0,4],"11":[0,4],"12":[0,4],"13":[1,0],"14":[0,1],"15":[0,1],"16":[0,3],"17":[0,3],"18":[19,0],"19":[0,9],"20":[6,3],"21":[3,6],"22":[0,1],"23":[6,0],"24":[1,5],"25":[0,5],"26":[1,4],"27":[0,4],"28":[2,0],"29":[0,2],"30":[0,0],"31":[2,0],"32":[0,2],"33":[0,0],"34":[0,0],"35":[7,0],"36":[0,7],"37":[0,7],"38":[5,2],"39":[3,2],"40":[3,2],"41":[3,0],"42":[0,3],"43":[0,3],"44":[2,1],"45":[2,1],"46":[0,0],"47":[0,30],"48":[0,0],"49":[21,9],"50":[0,31],"51":[0,0],"52":[1,27],"53":[0,27],"54":[0,0],"55":[0,26],"56":[0,22],"57":[0,22],"58":[0,22],"59":[1,21],"60":[1,20],"61":[0,15],"62":[0,15],"63":[0,15],"64":[0,15],"65":[5,10],"66":[0,5],"67":[0,0],"68":[0,14],"69":[0,14],"70":[1,13],"71":[0,13],"72":[0,13],"73":[1,12],"74":[1,9],"75":[0,9],"76":[0,0],"77":[7,2],"78":[9,0],"79":[7,2],"80":[0,16],"81":[0,0],"82":[0,16],"83":[0,0],"84":[0,23],"85":[5,18],"86":[0,3],"87":[0,9],"88":[0,4],"89":[0,10],"90":[0,4],"91":[0,0],"92":[0,12]},"f":{"1":4,"2":50,"3":1,"4":3,"5":19,"6":1,"7":6,"8":2,"9":0,"10":2,"11":7,"12":3,"13":0,"14":30,"15":31,"16":27,"17":22,"18":10,"19":16,"20":23,"21":3,"22":9,"23":4,"24":10,"25":4,"26":12},"fnMap":{"1":{"name":"constructor","line":195,"loc":{"start":{"line":186,"column":4},"end":{"line":239,"column":4}}},"2":{"name":"endpointKind","line":241,"loc":{"start":{"line":241,"column":4},"end":{"line":243,"column":4}}},"3":{"name":"fundReserve","line":245,"loc":{"start":{"line":245,"column":4},"end":{"line":260,"column":4}}},"4":{"name":"previewRedemption","line":262,"loc":{"start":{"line":262,"column":4},"end":{"line":288,"column":4}}},"5":{"name":"redeem","line":299,"loc":{"start":{"line":290,"column":4},"end":{"line":361,"column":4}}},"6":{"name":"claimablePurchasedAgnt","line":363,"loc":{"start":{"line":363,"column":4},"end":{"line":377,"column":4}}},"7":{"name":"claimPurchasedAgnt","line":381,"loc":{"start":{"line":379,"column":4},"end":{"line":424,"column":4}}},"8":{"name":"proposePostLaunchRate","line":428,"loc":{"start":{"line":426,"column":4},"end":{"line":440,"column":4}}},"9":{"name":"cancelPostLaunchRateProposal","line":442,"loc":{"start":{"line":442,"column":4},"end":{"line":447,"column":4}}},"10":{"name":"activatePostLaunchRate","line":449,"loc":{"start":{"line":449,"column":4},"end":{"line":467,"column":4}}},"11":{"name":"withdrawReserve","line":471,"loc":{"start":{"line":469,"column":4},"end":{"line":493,"column":4}}},"12":{"name":"withdrawRedeemedAgnt","line":497,"loc":{"start":{"line":495,"column":4},"end":{"line":516,"column":4}}},"13":{"name":"renounceOwnership","line":518,"loc":{"start":{"line":518,"column":4},"end":{"line":520,"column":4}}},"14":{"name":"isOperational","line":522,"loc":{"start":{"line":522,"column":4},"end":{"line":553,"column":4}}},"15":{"name":"presaleOutstandingLiabilityUsdt","line":555,"loc":{"start":{"line":555,"column":4},"end":{"line":582,"column":4}}},"16":{"name":"presaleOutstandingAgntClaims","line":584,"loc":{"start":{"line":584,"column":4},"end":{"line":608,"column":4}}},"17":{"name":"_validateRedemption","line":610,"loc":{"start":{"line":610,"column":4},"end":{"line":732,"column":4}}},"18":{"name":"_presaleCostBasisQuote","line":734,"loc":{"start":{"line":734,"column":4},"end":{"line":780,"column":4}}},"19":{"name":"_syncedPresaleRefundAccount","line":782,"loc":{"start":{"line":782,"column":4},"end":{"line":825,"column":4}}},"20":{"name":"_activeTerms","line":827,"loc":{"start":{"line":827,"column":4},"end":{"line":840,"column":4}}},"21":{"name":"_collectAgnt","line":842,"loc":{"start":{"line":842,"column":4},"end":{"line":853,"column":4}}},"22":{"name":"_deliverUsdt","line":855,"loc":{"start":{"line":855,"column":4},"end":{"line":862,"column":4}}},"23":{"name":"_deliverClaimedAgnt","line":864,"loc":{"start":{"line":864,"column":4},"end":{"line":871,"column":4}}},"24":{"name":"_requireRedemptionDisabled","line":873,"loc":{"start":{"line":873,"column":4},"end":{"line":877,"column":4}}},"25":{"name":"_requirePausedPostLaunch","line":879,"loc":{"start":{"line":879,"column":4},"end":{"line":887,"column":4}}},"26":{"name":"_requireCode","line":889,"loc":{"start":{"line":889,"column":4},"end":{"line":893,"column":4}}}},"statementMap":{"1":{"start":{"line":196,"column":8},"end":{"line":196,"column":7833}},"2":{"start":{"line":203,"column":8},"end":{"line":203,"column":8014}},"3":{"start":{"line":206,"column":8},"end":{"line":206,"column":26}},"4":{"start":{"line":207,"column":8},"end":{"line":207,"column":26}},"5":{"start":{"line":208,"column":8},"end":{"line":208,"column":36}},"6":{"start":{"line":209,"column":8},"end":{"line":209,"column":8199}},"7":{"start":{"line":218,"column":8},"end":{"line":218,"column":8525}},"8":{"start":{"line":230,"column":8},"end":{"line":230,"column":61}},"9":{"start":{"line":231,"column":8},"end":{"line":231,"column":61}},"10":{"start":{"line":232,"column":8},"end":{"line":232,"column":9079}},"11":{"start":{"line":235,"column":8},"end":{"line":235,"column":9184}},"12":{"start":{"line":242,"column":8},"end":{"line":242,"column":28}},"13":{"start":{"line":246,"column":8},"end":{"line":246,"column":9506}},"14":{"start":{"line":249,"column":8},"end":{"line":249,"column":61}},"15":{"start":{"line":250,"column":8},"end":{"line":250,"column":9639}},"16":{"start":{"line":255,"column":8},"end":{"line":255,"column":60}},"17":{"start":{"line":256,"column":8},"end":{"line":256,"column":9830}},"18":{"start":{"line":259,"column":8},"end":{"line":259,"column":46}},"19":{"start":{"line":267,"column":8},"end":{"line":267,"column":10160}},"20":{"start":{"line":270,"column":8},"end":{"line":270,"column":75}},"21":{"start":{"line":271,"column":8},"end":{"line":271,"column":10325}},"22":{"start":{"line":300,"column":8},"end":{"line":300,"column":11347}},"23":{"start":{"line":314,"column":8},"end":{"line":314,"column":55}},"24":{"start":{"line":315,"column":8},"end":{"line":315,"column":11971}},"25":{"start":{"line":324,"column":8},"end":{"line":324,"column":12321}},"26":{"start":{"line":332,"column":12},"end":{"line":332,"column":12745}},"27":{"start":{"line":345,"column":8},"end":{"line":345,"column":13209}},"28":{"start":{"line":346,"column":12},"end":{"line":346,"column":47}},"29":{"start":{"line":348,"column":8},"end":{"line":348,"column":40}},"30":{"start":{"line":349,"column":8},"end":{"line":349,"column":13356}},"31":{"start":{"line":368,"column":8},"end":{"line":368,"column":13826}},"32":{"start":{"line":371,"column":8},"end":{"line":371,"column":13947}},"33":{"start":{"line":373,"column":8},"end":{"line":373,"column":14010}},"34":{"start":{"line":384,"column":8},"end":{"line":384,"column":55}},"35":{"start":{"line":385,"column":8},"end":{"line":385,"column":14300}},"36":{"start":{"line":388,"column":8},"end":{"line":388,"column":72}},"37":{"start":{"line":389,"column":8},"end":{"line":389,"column":14502}},"38":{"start":{"line":393,"column":8},"end":{"line":393,"column":14678}},"39":{"start":{"line":396,"column":8},"end":{"line":396,"column":60}},"40":{"start":{"line":397,"column":8},"end":{"line":397,"column":14853}},"41":{"start":{"line":401,"column":8},"end":{"line":401,"column":61}},"42":{"start":{"line":402,"column":8},"end":{"line":402,"column":15005}},"43":{"start":{"line":411,"column":8},"end":{"line":411,"column":15370}},"44":{"start":{"line":418,"column":8},"end":{"line":418,"column":50}},"45":{"start":{"line":419,"column":8},"end":{"line":419,"column":15629}},"46":{"start":{"line":430,"column":8},"end":{"line":430,"column":33}},"47":{"start":{"line":431,"column":8},"end":{"line":431,"column":15888}},"48":{"start":{"line":434,"column":8},"end":{"line":434,"column":15965}},"49":{"start":{"line":439,"column":8},"end":{"line":439,"column":62}},"50":{"start":{"line":443,"column":8},"end":{"line":443,"column":61}},"51":{"start":{"line":446,"column":8},"end":{"line":446,"column":59}},"52":{"start":{"line":450,"column":8},"end":{"line":450,"column":33}},"53":{"start":{"line":451,"column":8},"end":{"line":451,"column":61}},"54":{"start":{"line":452,"column":8},"end":{"line":452,"column":16689}},"55":{"start":{"line":463,"column":8},"end":{"line":463,"column":17094}},"56":{"start":{"line":473,"column":8},"end":{"line":473,"column":35}},"57":{"start":{"line":474,"column":8},"end":{"line":474,"column":17362}},"58":{"start":{"line":477,"column":8},"end":{"line":477,"column":17445}},"59":{"start":{"line":480,"column":8},"end":{"line":480,"column":17515}},"60":{"start":{"line":481,"column":12},"end":{"line":481,"column":59}},"61":{"start":{"line":482,"column":12},"end":{"line":482,"column":71}},"62":{"start":{"line":483,"column":12},"end":{"line":483,"column":17722}},"63":{"start":{"line":487,"column":12},"end":{"line":487,"column":17894}},"64":{"start":{"line":491,"column":8},"end":{"line":491,"column":60}},"65":{"start":{"line":492,"column":8},"end":{"line":492,"column":48}},"66":{"start":{"line":499,"column":8},"end":{"line":499,"column":35}},"67":{"start":{"line":500,"column":8},"end":{"line":500,"column":18287}},"68":{"start":{"line":503,"column":8},"end":{"line":503,"column":18370}},"69":{"start":{"line":506,"column":8},"end":{"line":506,"column":61}},"70":{"start":{"line":507,"column":8},"end":{"line":507,"column":61}},"71":{"start":{"line":508,"column":8},"end":{"line":508,"column":18573}},"72":{"start":{"line":511,"column":8},"end":{"line":511,"column":18683}},"73":{"start":{"line":514,"column":8},"end":{"line":514,"column":60}},"74":{"start":{"line":515,"column":8},"end":{"line":515,"column":53}},"75":{"start":{"line":523,"column":8},"end":{"line":523,"column":55}},"76":{"start":{"line":524,"column":8},"end":{"line":524,"column":19154}},"77":{"start":{"line":528,"column":12},"end":{"line":528,"column":24}},"78":{"start":{"line":531,"column":8},"end":{"line":531,"column":43}},"79":{"start":{"line":532,"column":8},"end":{"line":532,"column":50}},"80":{"start":{"line":533,"column":8},"end":{"line":533,"column":19406}},"81":{"start":{"line":537,"column":12},"end":{"line":537,"column":68}},"82":{"start":{"line":538,"column":12},"end":{"line":538,"column":19649}},"83":{"start":{"line":546,"column":8},"end":{"line":546,"column":19949}},"84":{"start":{"line":560,"column":8},"end":{"line":560,"column":63}},"85":{"start":{"line":561,"column":8},"end":{"line":561,"column":20395}},"86":{"start":{"line":562,"column":12},"end":{"line":562,"column":36}},"87":{"start":{"line":564,"column":8},"end":{"line":564,"column":32}},"88":{"start":{"line":565,"column":8},"end":{"line":565,"column":20554}},"89":{"start":{"line":571,"column":12},"end":{"line":571,"column":36}},"90":{"start":{"line":573,"column":8},"end":{"line":573,"column":20829}},"91":{"start":{"line":577,"column":8},"end":{"line":577,"column":20938}},"92":{"start":{"line":578,"column":12},"end":{"line":578,"column":20}},"93":{"start":{"line":580,"column":8},"end":{"line":580,"column":66}},"94":{"start":{"line":581,"column":8},"end":{"line":581,"column":61}},"95":{"start":{"line":589,"column":8},"end":{"line":589,"column":63}},"96":{"start":{"line":590,"column":8},"end":{"line":590,"column":21337}},"97":{"start":{"line":591,"column":12},"end":{"line":591,"column":36}},"98":{"start":{"line":593,"column":8},"end":{"line":593,"column":20}},"99":{"start":{"line":594,"column":8},"end":{"line":594,"column":21484}},"100":{"start":{"line":600,"column":12},"end":{"line":600,"column":36}},"101":{"start":{"line":602,"column":8},"end":{"line":602,"column":21738}},"102":{"start":{"line":604,"column":8},"end":{"line":604,"column":21801}},"103":{"start":{"line":605,"column":12},"end":{"line":605,"column":36}},"104":{"start":{"line":607,"column":8},"end":{"line":607,"column":29}},"105":{"start":{"line":614,"column":8},"end":{"line":614,"column":22078}},"106":{"start":{"line":617,"column":8},"end":{"line":617,"column":22160}},"107":{"start":{"line":620,"column":8},"end":{"line":620,"column":22253}},"108":{"start":{"line":623,"column":8},"end":{"line":623,"column":70}},"109":{"start":{"line":624,"column":8},"end":{"line":624,"column":22453}},"110":{"start":{"line":631,"column":8},"end":{"line":631,"column":22697}},"111":{"start":{"line":639,"column":8},"end":{"line":639,"column":22962}},"112":{"start":{"line":645,"column":8},"end":{"line":645,"column":23162}},"113":{"start":{"line":651,"column":8},"end":{"line":651,"column":23363}},"114":{"start":{"line":657,"column":8},"end":{"line":657,"column":23595}},"115":{"start":{"line":664,"column":8},"end":{"line":664,"column":26}},"116":{"start":{"line":665,"column":8},"end":{"line":665,"column":23830}},"117":{"start":{"line":671,"column":12},"end":{"line":671,"column":24069}},"118":{"start":{"line":674,"column":12},"end":{"line":674,"column":24199}},"119":{"start":{"line":687,"column":8},"end":{"line":687,"column":24566}},"120":{"start":{"line":694,"column":8},"end":{"line":694,"column":24765}},"121":{"start":{"line":697,"column":8},"end":{"line":697,"column":24844}},"122":{"start":{"line":706,"column":8},"end":{"line":706,"column":25169}},"123":{"start":{"line":716,"column":8},"end":{"line":716,"column":25502}},"124":{"start":{"line":725,"column":8},"end":{"line":725,"column":25830}},"125":{"start":{"line":739,"column":8},"end":{"line":739,"column":26290}},"126":{"start":{"line":741,"column":8},"end":{"line":741,"column":61}},"127":{"start":{"line":742,"column":8},"end":{"line":742,"column":63}},"128":{"start":{"line":743,"column":8},"end":{"line":743,"column":26480}},"129":{"start":{"line":750,"column":8},"end":{"line":750,"column":26684}},"130":{"start":{"line":756,"column":8},"end":{"line":756,"column":26869}},"131":{"start":{"line":764,"column":8},"end":{"line":764,"column":27136}},"132":{"start":{"line":779,"column":8},"end":{"line":779,"column":20}},"133":{"start":{"line":787,"column":8},"end":{"line":787,"column":63}},"134":{"start":{"line":788,"column":8},"end":{"line":788,"column":28008}},"135":{"start":{"line":792,"column":8},"end":{"line":792,"column":28205}},"136":{"start":{"line":794,"column":8},"end":{"line":794,"column":22}},"137":{"start":{"line":795,"column":8},"end":{"line":795,"column":32}},"138":{"start":{"line":796,"column":8},"end":{"line":796,"column":28319}},"139":{"start":{"line":801,"column":8},"end":{"line":801,"column":28508}},"140":{"start":{"line":808,"column":8},"end":{"line":808,"column":28770}},"141":{"start":{"line":832,"column":8},"end":{"line":832,"column":72}},"142":{"start":{"line":833,"column":8},"end":{"line":833,"column":29652}},"143":{"start":{"line":837,"column":8},"end":{"line":837,"column":29834}},"144":{"start":{"line":843,"column":8},"end":{"line":843,"column":61}},"145":{"start":{"line":844,"column":8},"end":{"line":844,"column":30058}},"146":{"start":{"line":849,"column":8},"end":{"line":849,"column":60}},"147":{"start":{"line":850,"column":8},"end":{"line":850,"column":30246}},"148":{"start":{"line":856,"column":8},"end":{"line":856,"column":55}},"149":{"start":{"line":857,"column":8},"end":{"line":857,"column":58}},"150":{"start":{"line":858,"column":8},"end":{"line":858,"column":54}},"151":{"start":{"line":859,"column":8},"end":{"line":859,"column":30621}},"152":{"start":{"line":865,"column":8},"end":{"line":865,"column":55}},"153":{"start":{"line":866,"column":8},"end":{"line":866,"column":58}},"154":{"start":{"line":867,"column":8},"end":{"line":867,"column":54}},"155":{"start":{"line":868,"column":8},"end":{"line":868,"column":31003}},"156":{"start":{"line":874,"column":8},"end":{"line":874,"column":31192}},"157":{"start":{"line":880,"column":8},"end":{"line":880,"column":31371}},"158":{"start":{"line":890,"column":8},"end":{"line":890,"column":31675}}},"branchMap":{"1":{"line":196,"type":"if","locations":[{"start":{"line":196,"column":8},"end":{"line":196,"column":8}},{"start":{"line":196,"column":8},"end":{"line":196,"column":8}}]},"2":{"line":197,"type":"cond-expr","locations":[{"start":{"line":197,"column":12},"end":{"line":197,"column":30}},{"start":{"line":198,"column":12},"end":{"line":198,"column":30}}]},"3":{"line":197,"type":"cond-expr","locations":[{"start":{"line":197,"column":12},"end":{"line":198,"column":30}},{"start":{"line":199,"column":12},"end":{"line":199,"column":40}}]},"4":{"line":203,"type":"if","locations":[{"start":{"line":203,"column":8},"end":{"line":203,"column":8}},{"start":{"line":203,"column":8},"end":{"line":203,"column":8}}]},"5":{"line":209,"type":"if","locations":[{"start":{"line":209,"column":8},"end":{"line":209,"column":8}},{"start":{"line":209,"column":8},"end":{"line":209,"column":8}}]},"6":{"line":210,"type":"cond-expr","locations":[{"start":{"line":210,"column":12},"end":{"line":210,"column":37}},{"start":{"line":211,"column":12},"end":{"line":211,"column":37}}]},"7":{"line":210,"type":"cond-expr","locations":[{"start":{"line":210,"column":12},"end":{"line":211,"column":37}},{"start":{"line":212,"column":12},"end":{"line":212,"column":42}}]},"8":{"line":210,"type":"cond-expr","locations":[{"start":{"line":210,"column":12},"end":{"line":212,"column":42}},{"start":{"line":213,"column":12},"end":{"line":213,"column":56}}]},"9":{"line":210,"type":"cond-expr","locations":[{"start":{"line":210,"column":12},"end":{"line":213,"column":56}},{"start":{"line":214,"column":12},"end":{"line":214,"column":61}}]},"10":{"line":218,"type":"if","locations":[{"start":{"line":218,"column":8},"end":{"line":218,"column":8}},{"start":{"line":218,"column":8},"end":{"line":218,"column":8}}]},"11":{"line":232,"type":"if","locations":[{"start":{"line":232,"column":8},"end":{"line":232,"column":8}},{"start":{"line":232,"column":8},"end":{"line":232,"column":8}}]},"12":{"line":235,"type":"if","locations":[{"start":{"line":235,"column":8},"end":{"line":235,"column":8}},{"start":{"line":235,"column":8},"end":{"line":235,"column":8}}]},"13":{"line":245,"type":"if","locations":[{"start":{"line":245,"column":50},"end":{"line":245,"column":50}},{"start":{"line":245,"column":50},"end":{"line":245,"column":50}}]},"14":{"line":246,"type":"if","locations":[{"start":{"line":246,"column":8},"end":{"line":246,"column":8}},{"start":{"line":246,"column":8},"end":{"line":246,"column":8}}]},"15":{"line":256,"type":"if","locations":[{"start":{"line":256,"column":8},"end":{"line":256,"column":8}},{"start":{"line":256,"column":8},"end":{"line":256,"column":8}}]},"16":{"line":267,"type":"if","locations":[{"start":{"line":267,"column":8},"end":{"line":267,"column":8}},{"start":{"line":267,"column":8},"end":{"line":267,"column":8}}]},"17":{"line":273,"type":"if","locations":[{"start":{"line":273,"column":14},"end":{"line":273,"column":34}},{"start":{"line":274,"column":14},"end":{"line":274,"column":14}}]},"18":{"line":299,"type":"if","locations":[{"start":{"line":299,"column":15},"end":{"line":299,"column":15}},{"start":{"line":299,"column":15},"end":{"line":299,"column":15}}]},"19":{"line":315,"type":"if","locations":[{"start":{"line":315,"column":8},"end":{"line":315,"column":8}},{"start":{"line":315,"column":8},"end":{"line":315,"column":8}}]},"20":{"line":324,"type":"if","locations":[{"start":{"line":324,"column":8},"end":{"line":324,"column":8}},{"start":{"line":324,"column":8},"end":{"line":324,"column":8}}]},"21":{"line":345,"type":"if","locations":[{"start":{"line":345,"column":8},"end":{"line":345,"column":8}},{"start":{"line":345,"column":8},"end":{"line":345,"column":8}}]},"22":{"line":368,"type":"if","locations":[{"start":{"line":368,"column":8},"end":{"line":368,"column":8}},{"start":{"line":368,"column":8},"end":{"line":368,"column":8}}]},"23":{"line":381,"type":"if","locations":[{"start":{"line":381,"column":8},"end":{"line":381,"column":8}},{"start":{"line":381,"column":8},"end":{"line":381,"column":8}}]},"24":{"line":385,"type":"if","locations":[{"start":{"line":385,"column":8},"end":{"line":385,"column":8}},{"start":{"line":385,"column":8},"end":{"line":385,"column":8}}]},"25":{"line":389,"type":"if","locations":[{"start":{"line":389,"column":8},"end":{"line":389,"column":8}},{"start":{"line":389,"column":8},"end":{"line":389,"column":8}}]},"26":{"line":397,"type":"if","locations":[{"start":{"line":397,"column":8},"end":{"line":397,"column":8}},{"start":{"line":397,"column":8},"end":{"line":397,"column":8}}]},"27":{"line":402,"type":"if","locations":[{"start":{"line":402,"column":8},"end":{"line":402,"column":8}},{"start":{"line":402,"column":8},"end":{"line":402,"column":8}}]},"28":{"line":428,"type":"if","locations":[{"start":{"line":428,"column":8},"end":{"line":428,"column":8}},{"start":{"line":428,"column":8},"end":{"line":428,"column":8}}]},"29":{"line":431,"type":"if","locations":[{"start":{"line":431,"column":8},"end":{"line":431,"column":8}},{"start":{"line":431,"column":8},"end":{"line":431,"column":8}}]},"30":{"line":442,"type":"if","locations":[{"start":{"line":442,"column":53},"end":{"line":442,"column":53}},{"start":{"line":442,"column":53},"end":{"line":442,"column":53}}]},"31":{"line":449,"type":"if","locations":[{"start":{"line":449,"column":47},"end":{"line":449,"column":47}},{"start":{"line":449,"column":47},"end":{"line":449,"column":47}}]},"32":{"line":452,"type":"if","locations":[{"start":{"line":452,"column":8},"end":{"line":452,"column":8}},{"start":{"line":452,"column":8},"end":{"line":452,"column":8}}]},"33":{"line":453,"type":"cond-expr","locations":[{"start":{"line":453,"column":12},"end":{"line":453,"column":45}},{"start":{"line":454,"column":12},"end":{"line":454,"column":27}}]},"34":{"line":453,"type":"cond-expr","locations":[{"start":{"line":453,"column":12},"end":{"line":454,"column":27}},{"start":{"line":455,"column":12},"end":{"line":455,"column":40}}]},"35":{"line":471,"type":"if","locations":[{"start":{"line":471,"column":8},"end":{"line":471,"column":8}},{"start":{"line":471,"column":8},"end":{"line":471,"column":8}}]},"36":{"line":474,"type":"if","locations":[{"start":{"line":474,"column":8},"end":{"line":474,"column":8}},{"start":{"line":474,"column":8},"end":{"line":474,"column":8}}]},"37":{"line":477,"type":"if","locations":[{"start":{"line":477,"column":8},"end":{"line":477,"column":8}},{"start":{"line":477,"column":8},"end":{"line":477,"column":8}}]},"38":{"line":480,"type":"if","locations":[{"start":{"line":480,"column":8},"end":{"line":480,"column":8}},{"start":{"line":480,"column":8},"end":{"line":480,"column":8}}]},"39":{"line":485,"type":"if","locations":[{"start":{"line":485,"column":18},"end":{"line":485,"column":42}},{"start":{"line":486,"column":18},"end":{"line":486,"column":18}}]},"40":{"line":487,"type":"if","locations":[{"start":{"line":487,"column":12},"end":{"line":487,"column":12}},{"start":{"line":487,"column":12},"end":{"line":487,"column":12}}]},"41":{"line":497,"type":"if","locations":[{"start":{"line":497,"column":8},"end":{"line":497,"column":8}},{"start":{"line":497,"column":8},"end":{"line":497,"column":8}}]},"42":{"line":500,"type":"if","locations":[{"start":{"line":500,"column":8},"end":{"line":500,"column":8}},{"start":{"line":500,"column":8},"end":{"line":500,"column":8}}]},"43":{"line":503,"type":"if","locations":[{"start":{"line":503,"column":8},"end":{"line":503,"column":8}},{"start":{"line":503,"column":8},"end":{"line":503,"column":8}}]},"44":{"line":509,"type":"if","locations":[{"start":{"line":509,"column":14},"end":{"line":509,"column":41}},{"start":{"line":510,"column":14},"end":{"line":510,"column":14}}]},"45":{"line":511,"type":"if","locations":[{"start":{"line":511,"column":8},"end":{"line":511,"column":8}},{"start":{"line":511,"column":8},"end":{"line":511,"column":8}}]},"46":{"line":518,"type":"if","locations":[{"start":{"line":518,"column":54},"end":{"line":518,"column":54}},{"start":{"line":518,"column":54},"end":{"line":518,"column":54}}]},"47":{"line":524,"type":"if","locations":[{"start":{"line":524,"column":8},"end":{"line":524,"column":8}},{"start":{"line":524,"column":8},"end":{"line":524,"column":8}}]},"48":{"line":525,"type":"cond-expr","locations":[{"start":{"line":525,"column":12},"end":{"line":525,"column":63}},{"start":{"line":526,"column":12},"end":{"line":526,"column":23}}]},"49":{"line":533,"type":"if","locations":[{"start":{"line":533,"column":8},"end":{"line":533,"column":8}},{"start":{"line":533,"column":8},"end":{"line":533,"column":8}}]},"50":{"line":561,"type":"if","locations":[{"start":{"line":561,"column":8},"end":{"line":561,"column":8}},{"start":{"line":561,"column":8},"end":{"line":561,"column":8}}]},"51":{"line":561,"type":"cond-expr","locations":[{"start":{"line":561,"column":12},"end":{"line":561,"column":38}},{"start":{"line":561,"column":43},"end":{"line":561,"column":72}}]},"52":{"line":577,"type":"if","locations":[{"start":{"line":577,"column":8},"end":{"line":577,"column":8}},{"start":{"line":577,"column":8},"end":{"line":577,"column":8}}]},"53":{"line":590,"type":"if","locations":[{"start":{"line":590,"column":8},"end":{"line":590,"column":8}},{"start":{"line":590,"column":8},"end":{"line":590,"column":8}}]},"54":{"line":590,"type":"cond-expr","locations":[{"start":{"line":590,"column":12},"end":{"line":590,"column":38}},{"start":{"line":590,"column":43},"end":{"line":590,"column":72}}]},"55":{"line":604,"type":"if","locations":[{"start":{"line":604,"column":8},"end":{"line":604,"column":8}},{"start":{"line":604,"column":8},"end":{"line":604,"column":8}}]},"56":{"line":614,"type":"if","locations":[{"start":{"line":614,"column":8},"end":{"line":614,"column":8}},{"start":{"line":614,"column":8},"end":{"line":614,"column":8}}]},"57":{"line":617,"type":"if","locations":[{"start":{"line":617,"column":8},"end":{"line":617,"column":8}},{"start":{"line":617,"column":8},"end":{"line":617,"column":8}}]},"58":{"line":620,"type":"if","locations":[{"start":{"line":620,"column":8},"end":{"line":620,"column":8}},{"start":{"line":620,"column":8},"end":{"line":620,"column":8}}]},"59":{"line":624,"type":"if","locations":[{"start":{"line":624,"column":8},"end":{"line":624,"column":8}},{"start":{"line":624,"column":8},"end":{"line":624,"column":8}}]},"60":{"line":631,"type":"if","locations":[{"start":{"line":631,"column":8},"end":{"line":631,"column":8}},{"start":{"line":631,"column":8},"end":{"line":631,"column":8}}]},"61":{"line":639,"type":"if","locations":[{"start":{"line":639,"column":8},"end":{"line":639,"column":8}},{"start":{"line":639,"column":8},"end":{"line":639,"column":8}}]},"62":{"line":645,"type":"if","locations":[{"start":{"line":645,"column":8},"end":{"line":645,"column":8}},{"start":{"line":645,"column":8},"end":{"line":645,"column":8}}]},"63":{"line":651,"type":"if","locations":[{"start":{"line":651,"column":8},"end":{"line":651,"column":8}},{"start":{"line":651,"column":8},"end":{"line":651,"column":8}}]},"64":{"line":657,"type":"if","locations":[{"start":{"line":657,"column":8},"end":{"line":657,"column":8}},{"start":{"line":657,"column":8},"end":{"line":657,"column":8}}]},"65":{"line":665,"type":"if","locations":[{"start":{"line":665,"column":8},"end":{"line":665,"column":8}},{"start":{"line":665,"column":8},"end":{"line":665,"column":8}}]},"66":{"line":671,"type":"if","locations":[{"start":{"line":671,"column":12},"end":{"line":671,"column":12}},{"start":{"line":671,"column":12},"end":{"line":671,"column":12}}]},"67":{"line":671,"type":"cond-expr","locations":[{"start":{"line":671,"column":16},"end":{"line":671,"column":38}},{"start":{"line":671,"column":43},"end":{"line":671,"column":58}}]},"68":{"line":687,"type":"if","locations":[{"start":{"line":687,"column":8},"end":{"line":687,"column":8}},{"start":{"line":687,"column":8},"end":{"line":687,"column":8}}]},"69":{"line":694,"type":"if","locations":[{"start":{"line":694,"column":8},"end":{"line":694,"column":8}},{"start":{"line":694,"column":8},"end":{"line":694,"column":8}}]},"70":{"line":697,"type":"if","locations":[{"start":{"line":697,"column":8},"end":{"line":697,"column":8}},{"start":{"line":697,"column":8},"end":{"line":697,"column":8}}]},"71":{"line":706,"type":"if","locations":[{"start":{"line":706,"column":8},"end":{"line":706,"column":8}},{"start":{"line":706,"column":8},"end":{"line":706,"column":8}}]},"72":{"line":716,"type":"if","locations":[{"start":{"line":716,"column":8},"end":{"line":716,"column":8}},{"start":{"line":716,"column":8},"end":{"line":716,"column":8}}]},"73":{"line":725,"type":"if","locations":[{"start":{"line":725,"column":8},"end":{"line":725,"column":8}},{"start":{"line":725,"column":8},"end":{"line":725,"column":8}}]},"74":{"line":743,"type":"if","locations":[{"start":{"line":743,"column":8},"end":{"line":743,"column":8}},{"start":{"line":743,"column":8},"end":{"line":743,"column":8}}]},"75":{"line":750,"type":"if","locations":[{"start":{"line":750,"column":8},"end":{"line":750,"column":8}},{"start":{"line":750,"column":8},"end":{"line":750,"column":8}}]},"76":{"line":750,"type":"cond-expr","locations":[{"start":{"line":750,"column":12},"end":{"line":750,"column":30}},{"start":{"line":750,"column":35},"end":{"line":750,"column":54}}]},"77":{"line":757,"type":"if","locations":[{"start":{"line":757,"column":14},"end":{"line":757,"column":28}},{"start":{"line":758,"column":14},"end":{"line":762,"column":12}}]},"78":{"line":764,"type":"if","locations":[{"start":{"line":764,"column":8},"end":{"line":764,"column":8}},{"start":{"line":764,"column":8},"end":{"line":764,"column":8}}]},"79":{"line":777,"type":"if","locations":[{"start":{"line":777,"column":14},"end":{"line":777,"column":14}},{"start":{"line":778,"column":14},"end":{"line":778,"column":58}}]},"80":{"line":788,"type":"if","locations":[{"start":{"line":788,"column":8},"end":{"line":788,"column":8}},{"start":{"line":788,"column":8},"end":{"line":788,"column":8}}]},"81":{"line":788,"type":"cond-expr","locations":[{"start":{"line":788,"column":12},"end":{"line":788,"column":38}},{"start":{"line":788,"column":43},"end":{"line":788,"column":72}}]},"82":{"line":808,"type":"if","locations":[{"start":{"line":808,"column":8},"end":{"line":808,"column":8}},{"start":{"line":808,"column":8},"end":{"line":808,"column":8}}]},"83":{"line":809,"type":"cond-expr","locations":[{"start":{"line":809,"column":12},"end":{"line":809,"column":53}},{"start":{"line":810,"column":12},"end":{"line":811,"column":50}}]},"84":{"line":833,"type":"if","locations":[{"start":{"line":833,"column":8},"end":{"line":833,"column":8}},{"start":{"line":833,"column":8},"end":{"line":833,"column":8}}]},"85":{"line":837,"type":"if","locations":[{"start":{"line":837,"column":8},"end":{"line":837,"column":8}},{"start":{"line":837,"column":8},"end":{"line":837,"column":8}}]},"86":{"line":850,"type":"if","locations":[{"start":{"line":850,"column":8},"end":{"line":850,"column":8}},{"start":{"line":850,"column":8},"end":{"line":850,"column":8}}]},"87":{"line":859,"type":"if","locations":[{"start":{"line":859,"column":8},"end":{"line":859,"column":8}},{"start":{"line":859,"column":8},"end":{"line":859,"column":8}}]},"88":{"line":868,"type":"if","locations":[{"start":{"line":868,"column":8},"end":{"line":868,"column":8}},{"start":{"line":868,"column":8},"end":{"line":868,"column":8}}]},"89":{"line":874,"type":"if","locations":[{"start":{"line":874,"column":8},"end":{"line":874,"column":8}},{"start":{"line":874,"column":8},"end":{"line":874,"column":8}}]},"90":{"line":880,"type":"if","locations":[{"start":{"line":880,"column":8},"end":{"line":880,"column":8}},{"start":{"line":880,"column":8},"end":{"line":880,"column":8}}]},"91":{"line":881,"type":"cond-expr","locations":[{"start":{"line":881,"column":12},"end":{"line":881,"column":53}},{"start":{"line":882,"column":12},"end":{"line":883,"column":50}}]},"92":{"line":890,"type":"if","locations":[{"start":{"line":890,"column":8},"end":{"line":890,"column":8}},{"start":{"line":890,"column":8},"end":{"line":890,"column":8}}]}}},"contracts\\AegentSaleProceedsVault.sol":{"l":{"41":0,"47":0,"49":0,"57":0,"59":0,"60":0,"61":0,"63":4,"64":4,"65":4,"66":4,"70":4,"71":4,"72":4,"73":2,"75":1,"76":1,"77":0,"79":1,"83":1,"84":0,"85":1,"87":4,"88":2,"89":0,"91":2,"92":2,"96":0,"97":2,"98":2,"103":6,"104":3},"path":"review-workspace/contracts/AegentSaleProceedsVault.sol","s":{"1":0,"2":0,"3":0,"4":0,"5":0,"6":4,"7":4,"8":4,"9":1,"10":1,"11":1,"12":0,"13":1,"14":4,"15":2,"16":2,"17":2,"18":2,"19":2,"20":6},"b":{"1":[4,0],"2":[0,0],"3":[0,4],"4":[0,4],"5":[0,0],"6":[0,0],"7":[0,4],"8":[0,4],"9":[4,0],"10":[0,0],"11":[2,2],"12":[0,1],"13":[1,4],"14":[0,2],"15":[2,6],"16":[6,3]},"f":{"1":0,"2":4,"3":1,"4":0,"5":6},"fnMap":{"1":{"name":"constructor","line":35,"loc":{"start":{"line":35,"column":4},"end":{"line":67,"column":4}}},"2":{"name":"releaseNative","line":69,"loc":{"start":{"line":69,"column":4},"end":{"line":80,"column":4}}},"3":{"name":"releaseToken","line":82,"loc":{"start":{"line":82,"column":4},"end":{"line":93,"column":4}}},"4":{"name":"_requireUnlocked","line":95,"loc":{"start":{"line":95,"column":4},"end":{"line":100,"column":4}}},"5":{"name":"_requireCode","line":102,"loc":{"start":{"line":102,"column":4},"end":{"line":106,"column":4}}}},"statementMap":{"1":{"start":{"line":41,"column":8},"end":{"line":41,"column":1473}},"2":{"start":{"line":49,"column":8},"end":{"line":49,"column":1696}},"3":{"start":{"line":59,"column":8},"end":{"line":59,"column":36}},"4":{"start":{"line":60,"column":8},"end":{"line":60,"column":26}},"5":{"start":{"line":61,"column":8},"end":{"line":61,"column":26}},"6":{"start":{"line":70,"column":8},"end":{"line":70,"column":25}},"7":{"start":{"line":71,"column":8},"end":{"line":71,"column":46}},"8":{"start":{"line":72,"column":8},"end":{"line":72,"column":2389}},"9":{"start":{"line":75,"column":8},"end":{"line":75,"column":59}},"10":{"start":{"line":76,"column":8},"end":{"line":76,"column":2536}},"11":{"start":{"line":79,"column":8},"end":{"line":79,"column":56}},"12":{"start":{"line":83,"column":8},"end":{"line":83,"column":25}},"13":{"start":{"line":84,"column":8},"end":{"line":84,"column":2755}},"14":{"start":{"line":87,"column":8},"end":{"line":87,"column":63}},"15":{"start":{"line":88,"column":8},"end":{"line":88,"column":2938}},"16":{"start":{"line":91,"column":8},"end":{"line":91,"column":54}},"17":{"start":{"line":92,"column":8},"end":{"line":92,"column":62}},"18":{"start":{"line":96,"column":8},"end":{"line":96,"column":52}},"19":{"start":{"line":97,"column":8},"end":{"line":97,"column":3249}},"20":{"start":{"line":103,"column":8},"end":{"line":103,"column":3433}}},"branchMap":{"1":{"line":41,"type":"if","locations":[{"start":{"line":41,"column":8},"end":{"line":41,"column":8}},{"start":{"line":41,"column":8},"end":{"line":41,"column":8}}]},"2":{"line":42,"type":"cond-expr","locations":[{"start":{"line":42,"column":12},"end":{"line":42,"column":40}},{"start":{"line":43,"column":12},"end":{"line":43,"column":30}}]},"3":{"line":42,"type":"cond-expr","locations":[{"start":{"line":42,"column":12},"end":{"line":43,"column":30}},{"start":{"line":44,"column":12},"end":{"line":44,"column":30}}]},"4":{"line":42,"type":"cond-expr","locations":[{"start":{"line":42,"column":12},"end":{"line":44,"column":30}},{"start":{"line":45,"column":12},"end":{"line":45,"column":37}}]},"5":{"line":49,"type":"if","locations":[{"start":{"line":49,"column":8},"end":{"line":49,"column":8}},{"start":{"line":49,"column":8},"end":{"line":49,"column":8}}]},"6":{"line":50,"type":"cond-expr","locations":[{"start":{"line":50,"column":12},"end":{"line":50,"column":35}},{"start":{"line":51,"column":12},"end":{"line":51,"column":35}}]},"7":{"line":50,"type":"cond-expr","locations":[{"start":{"line":50,"column":12},"end":{"line":51,"column":35}},{"start":{"line":52,"column":12},"end":{"line":52,"column":25}}]},"8":{"line":50,"type":"cond-expr","locations":[{"start":{"line":50,"column":12},"end":{"line":52,"column":25}},{"start":{"line":53,"column":12},"end":{"line":53,"column":42}}]},"9":{"line":50,"type":"cond-expr","locations":[{"start":{"line":50,"column":12},"end":{"line":53,"column":42}},{"start":{"line":54,"column":12},"end":{"line":54,"column":32}}]},"10":{"line":50,"type":"cond-expr","locations":[{"start":{"line":50,"column":12},"end":{"line":54,"column":32}},{"start":{"line":55,"column":12},"end":{"line":55,"column":32}}]},"11":{"line":72,"type":"if","locations":[{"start":{"line":72,"column":8},"end":{"line":72,"column":8}},{"start":{"line":72,"column":8},"end":{"line":72,"column":8}}]},"12":{"line":76,"type":"if","locations":[{"start":{"line":76,"column":8},"end":{"line":76,"column":8}},{"start":{"line":76,"column":8},"end":{"line":76,"column":8}}]},"13":{"line":84,"type":"if","locations":[{"start":{"line":84,"column":8},"end":{"line":84,"column":8}},{"start":{"line":84,"column":8},"end":{"line":84,"column":8}}]},"14":{"line":88,"type":"if","locations":[{"start":{"line":88,"column":8},"end":{"line":88,"column":8}},{"start":{"line":88,"column":8},"end":{"line":88,"column":8}}]},"15":{"line":97,"type":"if","locations":[{"start":{"line":97,"column":8},"end":{"line":97,"column":8}},{"start":{"line":97,"column":8},"end":{"line":97,"column":8}}]},"16":{"line":103,"type":"if","locations":[{"start":{"line":103,"column":8},"end":{"line":103,"column":8}},{"start":{"line":103,"column":8},"end":{"line":103,"column":8}}]}}},"contracts\\AegentSwapV2.sol":{"l":{"135":0,"145":0,"147":0,"155":0,"157":0,"158":0,"159":0,"160":3,"161":3,"162":3,"163":3,"165":3,"166":3,"168":3,"169":0,"172":0,"173":3,"174":3,"175":3,"176":0,"177":0,"178":3,"179":3,"180":3,"182":3,"183":3,"184":3,"186":3,"187":3,"188":3,"189":3,"190":0,"191":0,"204":3,"217":3,"218":26,"220":26,"221":0,"222":0,"223":0,"224":0,"225":0,"238":0,"239":0,"241":0,"242":2,"243":2,"244":1,"245":1,"246":1,"257":1,"258":1,"261":0,"269":2,"270":0,"271":2,"272":2,"274":2,"275":2,"278":1,"279":1,"282":1,"300":0,"324":0,"343":0,"344":1,"345":0,"347":3,"348":1,"350":0,"351":1,"355":1,"363":1,"364":0,"365":23,"369":23,"370":1,"371":23,"372":21,"373":20,"385":9,"386":9,"387":9,"392":9,"393":9,"394":9,"399":9,"400":9,"401":0,"402":10,"403":10,"404":10,"406":10,"418":10,"419":10,"421":10,"422":21,"423":1,"428":20,"429":20,"431":1,"432":19,"437":1,"438":18,"443":1,"444":17,"449":1,"450":16,"453":1,"454":15,"459":1,"461":14,"462":14,"465":5,"466":9,"467":0,"469":14,"477":14,"478":1,"479":13,"481":26,"482":26,"483":0,"492":26,"493":26,"494":24,"500":14,"501":14,"502":1,"505":13,"509":13,"512":13,"513":13,"514":7,"521":6,"523":6,"524":1,"539":5,"540":5,"541":5,"542":2,"543":2,"547":10,"548":10,"557":10,"558":3,"561":7,"562":22,"563":0,"564":22,"565":22,"567":22,"568":22,"570":22,"575":0,"576":0,"584":0,"585":0,"587":21,"591":2,"599":0,"606":2,"612":0,"614":0,"615":0,"617":0,"621":24,"626":2,"631":3,"632":3,"633":1,"635":6,"639":6,"640":0,"641":6,"643":9,"647":9,"648":0,"659":21,"672":21},"path":"review-workspace/contracts/AegentSwapV2.sol","s":{"1":0,"2":0,"3":0,"4":0,"5":0,"6":3,"7":3,"8":3,"9":3,"10":3,"11":3,"12":3,"13":3,"14":3,"15":3,"16":0,"17":0,"18":0,"19":2,"20":1,"21":1,"22":2,"23":2,"24":0,"25":2,"26":2,"27":2,"28":1,"29":1,"30":1,"31":22,"32":1,"33":1,"34":3,"35":1,"36":1,"37":1,"38":0,"39":23,"40":22,"41":23,"42":21,"43":9,"44":9,"45":9,"46":9,"47":9,"48":9,"49":9,"50":0,"51":9,"52":10,"53":10,"54":10,"55":0,"56":21,"57":21,"58":20,"59":19,"60":18,"61":17,"62":16,"63":15,"64":15,"65":14,"66":14,"67":14,"68":1,"69":13,"70":26,"71":26,"72":2,"73":14,"74":14,"75":13,"76":0,"77":13,"78":7,"79":6,"80":6,"81":3,"82":10,"83":22,"84":22,"85":0,"86":22,"87":0,"88":2,"89":0,"90":2,"91":0,"92":24,"93":3,"94":2,"95":6,"96":0,"97":9,"98":21},"b":{"1":[0,0],"2":[0,0],"3":[0,3],"4":[0,3],"5":[3,0],"6":[0,0],"7":[0,0],"8":[0,0],"9":[0,0],"10":[0,0],"11":[0,3],"12":[0,3],"13":[3,0],"14":[0,0],"15":[3,3],"16":[3,3],"17":[0,0],"18":[3,3],"19":[3,26],"20":[0,0],"21":[0,0],"22":[1,0],"23":[1,1],"24":[0,0],"25":[0,0],"26":[0,0],"27":[0,3],"28":[1,0],"29":[0,0],"30":[0,0],"31":[9,9],"32":[10,10],"33":[0,10],"34":[1,20],"35":[20,1],"36":[19,1],"37":[18,1],"38":[17,1],"39":[16,1],"40":[1,14],"41":[14,5],"42":[14,0],"43":[13,26],"44":[26,0],"45":[2,14],"46":[1,13],"47":[13,0],"48":[7,6],"49":[1,5],"50":[10,10],"51":[3,3],"52":[22,22],"53":[22,22],"54":[0,21],"55":[24,0],"56":[2,24],"57":[1,24],"58":[24,24],"59":[0,0],"60":[2,22],"61":[2,6],"62":[6,9],"63":[0,9]},"f":{"1":0,"2":3,"3":3,"4":0,"5":1,"6":0,"7":0,"8":0,"9":1,"10":1,"11":9,"12":9,"13":10,"14":14,"15":26,"16":5,"17":10,"18":0,"19":2,"20":24,"21":22,"22":6,"23":9,"24":9},"fnMap":{"1":{"name":"constructor","line":134,"loc":{"start":{"line":122,"column":4},"end":{"line":201,"column":4}}},"2":{"name":"endpointKind","line":203,"loc":{"start":{"line":203,"column":4},"end":{"line":205,"column":4}}},"3":{"name":"quoteBNB","line":207,"loc":{"start":{"line":207,"column":4},"end":{"line":226,"column":4}}},"4":{"name":"quoteStable","line":228,"loc":{"start":{"line":228,"column":4},"end":{"line":247,"column":4}}},"5":{"name":"swapBNB","line":256,"loc":{"start":{"line":249,"column":4},"end":{"line":289,"column":4}}},"6":{"name":"swapUSDT","line":299,"loc":{"start":{"line":291,"column":4},"end":{"line":313,"column":4}}},"7":{"name":"swapUSDC","line":323,"loc":{"start":{"line":315,"column":4},"end":{"line":337,"column":4}}},"8":{"name":"withdrawUnsoldAgnt","line":341,"loc":{"start":{"line":339,"column":4},"end":{"line":352,"column":4}}},"9":{"name":"renounceOwnership","line":354,"loc":{"start":{"line":354,"column":4},"end":{"line":356,"column":4}}},"10":{"name":"_swapStable","line":358,"loc":{"start":{"line":358,"column":4},"end":{"line":380,"column":4}}},"11":{"name":"_collectStable","line":382,"loc":{"start":{"line":382,"column":4},"end":{"line":396,"column":4}}},"12":{"name":"_escrowAgnt","line":398,"loc":{"start":{"line":398,"column":4},"end":{"line":407,"column":4}}},"13":{"name":"_validateQuote","line":409,"loc":{"start":{"line":409,"column":4},"end":{"line":470,"column":4}}},"14":{"name":"_activeTerms","line":472,"loc":{"start":{"line":472,"column":4},"end":{"line":485,"column":4}}},"15":{"name":"_ensureCapacity","line":487,"loc":{"start":{"line":487,"column":4},"end":{"line":531,"column":4}}},"16":{"name":"_recordPurchase","line":533,"loc":{"start":{"line":533,"column":4},"end":{"line":550,"column":4}}},"17":{"name":"_stableUsdValue","line":552,"loc":{"start":{"line":552,"column":4},"end":{"line":577,"column":4}}},"18":{"name":"_nativeUsdValue","line":579,"loc":{"start":{"line":579,"column":4},"end":{"line":592,"column":4}}},"19":{"name":"_oraclePrice18","line":594,"loc":{"start":{"line":594,"column":4},"end":{"line":618,"column":4}}},"20":{"name":"_requirePurchasesDisabled","line":620,"loc":{"start":{"line":620,"column":4},"end":{"line":628,"column":4}}},"21":{"name":"_tokenScale","line":630,"loc":{"start":{"line":630,"column":4},"end":{"line":636,"column":4}}},"22":{"name":"_feedScale","line":638,"loc":{"start":{"line":638,"column":4},"end":{"line":644,"column":4}}},"23":{"name":"_requireCode","line":646,"loc":{"start":{"line":646,"column":4},"end":{"line":650,"column":4}}},"24":{"name":"_emitPurchase","line":652,"loc":{"start":{"line":652,"column":4},"end":{"line":669,"column":4}}}},"statementMap":{"1":{"start":{"line":135,"column":8},"end":{"line":135,"column":5606}},"2":{"start":{"line":147,"column":8},"end":{"line":147,"column":5989}},"3":{"start":{"line":157,"column":8},"end":{"line":157,"column":26}},"4":{"start":{"line":158,"column":8},"end":{"line":158,"column":26}},"5":{"start":{"line":159,"column":8},"end":{"line":159,"column":26}},"6":{"start":{"line":160,"column":8},"end":{"line":160,"column":32}},"7":{"start":{"line":161,"column":8},"end":{"line":161,"column":33}},"8":{"start":{"line":162,"column":8},"end":{"line":162,"column":33}},"9":{"start":{"line":163,"column":8},"end":{"line":163,"column":36}},"10":{"start":{"line":165,"column":8},"end":{"line":165,"column":6523}},"11":{"start":{"line":168,"column":8},"end":{"line":168,"column":6653}},"12":{"start":{"line":182,"column":8},"end":{"line":182,"column":61}},"13":{"start":{"line":183,"column":8},"end":{"line":183,"column":7213}},"14":{"start":{"line":204,"column":8},"end":{"line":204,"column":28}},"15":{"start":{"line":217,"column":8},"end":{"line":217,"column":8182}},"16":{"start":{"line":220,"column":8},"end":{"line":220,"column":73}},"17":{"start":{"line":225,"column":8},"end":{"line":225,"column":45}},"18":{"start":{"line":238,"column":8},"end":{"line":238,"column":8831}},"19":{"start":{"line":241,"column":8},"end":{"line":241,"column":73}},"20":{"start":{"line":246,"column":8},"end":{"line":246,"column":45}},"21":{"start":{"line":257,"column":8},"end":{"line":257,"column":9527}},"22":{"start":{"line":261,"column":8},"end":{"line":261,"column":9603}},"23":{"start":{"line":269,"column":8},"end":{"line":269,"column":73}},"24":{"start":{"line":270,"column":8},"end":{"line":270,"column":55}},"25":{"start":{"line":272,"column":8},"end":{"line":272,"column":62}},"26":{"start":{"line":274,"column":8},"end":{"line":274,"column":39}},"27":{"start":{"line":275,"column":8},"end":{"line":275,"column":10238}},"28":{"start":{"line":278,"column":8},"end":{"line":278,"column":10339}},"29":{"start":{"line":282,"column":8},"end":{"line":282,"column":10414}},"30":{"start":{"line":300,"column":8},"end":{"line":300,"column":10883}},"31":{"start":{"line":324,"column":8},"end":{"line":324,"column":11664}},"32":{"start":{"line":343,"column":8},"end":{"line":343,"column":34}},"33":{"start":{"line":344,"column":8},"end":{"line":344,"column":12273}},"34":{"start":{"line":347,"column":8},"end":{"line":347,"column":12356}},"35":{"start":{"line":350,"column":8},"end":{"line":350,"column":60}},"36":{"start":{"line":351,"column":8},"end":{"line":351,"column":56}},"37":{"start":{"line":363,"column":8},"end":{"line":363,"column":59}},"38":{"start":{"line":364,"column":8},"end":{"line":364,"column":73}},"39":{"start":{"line":365,"column":8},"end":{"line":365,"column":12966}},"40":{"start":{"line":370,"column":8},"end":{"line":370,"column":62}},"41":{"start":{"line":371,"column":8},"end":{"line":371,"column":43}},"42":{"start":{"line":372,"column":8},"end":{"line":372,"column":39}},"43":{"start":{"line":373,"column":8},"end":{"line":373,"column":13291}},"44":{"start":{"line":385,"column":8},"end":{"line":385,"column":46}},"45":{"start":{"line":386,"column":8},"end":{"line":386,"column":66}},"46":{"start":{"line":387,"column":8},"end":{"line":387,"column":13662}},"47":{"start":{"line":392,"column":8},"end":{"line":392,"column":65}},"48":{"start":{"line":393,"column":8},"end":{"line":393,"column":13858}},"49":{"start":{"line":399,"column":8},"end":{"line":399,"column":60}},"50":{"start":{"line":400,"column":8},"end":{"line":400,"column":60}},"51":{"start":{"line":401,"column":8},"end":{"line":401,"column":57}},"52":{"start":{"line":402,"column":8},"end":{"line":402,"column":59}},"53":{"start":{"line":403,"column":8},"end":{"line":403,"column":14319}},"54":{"start":{"line":406,"column":8},"end":{"line":406,"column":52}},"55":{"start":{"line":418,"column":8},"end":{"line":418,"column":14746}},"56":{"start":{"line":421,"column":8},"end":{"line":421,"column":70}},"57":{"start":{"line":422,"column":8},"end":{"line":422,"column":14946}},"58":{"start":{"line":428,"column":8},"end":{"line":428,"column":15129}},"59":{"start":{"line":431,"column":8},"end":{"line":431,"column":15271}},"60":{"start":{"line":437,"column":8},"end":{"line":437,"column":15460}},"61":{"start":{"line":443,"column":8},"end":{"line":443,"column":15653}},"62":{"start":{"line":449,"column":8},"end":{"line":449,"column":15873}},"63":{"start":{"line":453,"column":8},"end":{"line":453,"column":44}},"64":{"start":{"line":454,"column":8},"end":{"line":454,"column":16013}},"65":{"start":{"line":461,"column":8},"end":{"line":461,"column":16220}},"66":{"start":{"line":466,"column":8},"end":{"line":466,"column":16419}},"67":{"start":{"line":469,"column":8},"end":{"line":469,"column":50}},"68":{"start":{"line":477,"column":8},"end":{"line":477,"column":64}},"69":{"start":{"line":478,"column":8},"end":{"line":478,"column":16796}},"70":{"start":{"line":482,"column":8},"end":{"line":482,"column":16954}},"71":{"start":{"line":492,"column":8},"end":{"line":492,"column":57}},"72":{"start":{"line":493,"column":8},"end":{"line":493,"column":17259}},"73":{"start":{"line":500,"column":8},"end":{"line":500,"column":57}},"74":{"start":{"line":501,"column":8},"end":{"line":501,"column":17502}},"75":{"start":{"line":505,"column":8},"end":{"line":505,"column":17610}},"76":{"start":{"line":509,"column":12},"end":{"line":509,"column":18}},"77":{"start":{"line":512,"column":8},"end":{"line":512,"column":74}},"78":{"start":{"line":513,"column":8},"end":{"line":513,"column":17828}},"79":{"start":{"line":521,"column":8},"end":{"line":521,"column":18074}},"80":{"start":{"line":523,"column":8},"end":{"line":523,"column":18166}},"81":{"start":{"line":543,"column":8},"end":{"line":543,"column":18789}},"82":{"start":{"line":557,"column":8},"end":{"line":557,"column":19175}},"83":{"start":{"line":561,"column":8},"end":{"line":561,"column":32}},"84":{"start":{"line":562,"column":8},"end":{"line":562,"column":23}},"85":{"start":{"line":563,"column":8},"end":{"line":563,"column":19305}},"86":{"start":{"line":566,"column":15},"end":{"line":566,"column":19470}},"87":{"start":{"line":584,"column":8},"end":{"line":584,"column":20088}},"88":{"start":{"line":587,"column":8},"end":{"line":587,"column":20159}},"89":{"start":{"line":599,"column":8},"end":{"line":599,"column":20489}},"90":{"start":{"line":606,"column":8},"end":{"line":606,"column":20644}},"91":{"start":{"line":614,"column":8},"end":{"line":614,"column":20872}},"92":{"start":{"line":621,"column":8},"end":{"line":621,"column":21114}},"93":{"start":{"line":631,"column":8},"end":{"line":631,"column":57}},"94":{"start":{"line":632,"column":8},"end":{"line":632,"column":21487}},"95":{"start":{"line":639,"column":8},"end":{"line":639,"column":55}},"96":{"start":{"line":640,"column":8},"end":{"line":640,"column":21764}},"97":{"start":{"line":647,"column":8},"end":{"line":647,"column":21966}},"98":{"start":{"line":659,"column":8},"end":{"line":659,"column":22290}}},"branchMap":{"1":{"line":135,"type":"if","locations":[{"start":{"line":135,"column":8},"end":{"line":135,"column":8}},{"start":{"line":135,"column":8},"end":{"line":135,"column":8}}]},"2":{"line":136,"type":"cond-expr","locations":[{"start":{"line":136,"column":12},"end":{"line":136,"column":30}},{"start":{"line":137,"column":12},"end":{"line":137,"column":30}}]},"3":{"line":136,"type":"cond-expr","locations":[{"start":{"line":136,"column":12},"end":{"line":137,"column":30}},{"start":{"line":138,"column":12},"end":{"line":138,"column":30}}]},"4":{"line":136,"type":"cond-expr","locations":[{"start":{"line":136,"column":12},"end":{"line":138,"column":30}},{"start":{"line":139,"column":12},"end":{"line":139,"column":36}}]},"5":{"line":136,"type":"cond-expr","locations":[{"start":{"line":136,"column":12},"end":{"line":139,"column":36}},{"start":{"line":140,"column":12},"end":{"line":140,"column":37}}]},"6":{"line":136,"type":"cond-expr","locations":[{"start":{"line":136,"column":12},"end":{"line":140,"column":37}},{"start":{"line":141,"column":12},"end":{"line":141,"column":37}}]},"7":{"line":136,"type":"cond-expr","locations":[{"start":{"line":136,"column":12},"end":{"line":141,"column":37}},{"start":{"line":142,"column":12},"end":{"line":142,"column":40}}]},"8":{"line":136,"type":"cond-expr","locations":[{"start":{"line":136,"column":12},"end":{"line":142,"column":40}},{"start":{"line":143,"column":12},"end":{"line":143,"column":37}}]},"9":{"line":147,"type":"if","locations":[{"start":{"line":147,"column":8},"end":{"line":147,"column":8}},{"start":{"line":147,"column":8},"end":{"line":147,"column":8}}]},"10":{"line":148,"type":"cond-expr","locations":[{"start":{"line":148,"column":12},"end":{"line":148,"column":25}},{"start":{"line":149,"column":12},"end":{"line":149,"column":25}}]},"11":{"line":148,"type":"cond-expr","locations":[{"start":{"line":148,"column":12},"end":{"line":149,"column":25}},{"start":{"line":150,"column":12},"end":{"line":150,"column":25}}]},"12":{"line":148,"type":"cond-expr","locations":[{"start":{"line":148,"column":12},"end":{"line":150,"column":25}},{"start":{"line":151,"column":12},"end":{"line":151,"column":38}}]},"13":{"line":148,"type":"cond-expr","locations":[{"start":{"line":148,"column":12},"end":{"line":151,"column":38}},{"start":{"line":152,"column":12},"end":{"line":152,"column":38}}]},"14":{"line":148,"type":"cond-expr","locations":[{"start":{"line":148,"column":12},"end":{"line":152,"column":38}},{"start":{"line":153,"column":12},"end":{"line":153,"column":39}}]},"15":{"line":165,"type":"if","locations":[{"start":{"line":165,"column":8},"end":{"line":165,"column":8}},{"start":{"line":165,"column":8},"end":{"line":165,"column":8}}]},"16":{"line":165,"type":"cond-expr","locations":[{"start":{"line":165,"column":12},"end":{"line":165,"column":29}},{"start":{"line":165,"column":34},"end":{"line":165,"column":63}}]},"17":{"line":168,"type":"if","locations":[{"start":{"line":168,"column":8},"end":{"line":168,"column":8}},{"start":{"line":168,"column":8},"end":{"line":168,"column":8}}]},"18":{"line":183,"type":"if","locations":[{"start":{"line":183,"column":8},"end":{"line":183,"column":8}},{"start":{"line":183,"column":8},"end":{"line":183,"column":8}}]},"19":{"line":217,"type":"if","locations":[{"start":{"line":217,"column":8},"end":{"line":217,"column":8}},{"start":{"line":217,"column":8},"end":{"line":217,"column":8}}]},"20":{"line":238,"type":"if","locations":[{"start":{"line":238,"column":8},"end":{"line":238,"column":8}},{"start":{"line":238,"column":8},"end":{"line":238,"column":8}}]},"21":{"line":256,"type":"if","locations":[{"start":{"line":256,"column":23},"end":{"line":256,"column":23}},{"start":{"line":256,"column":23},"end":{"line":256,"column":23}}]},"22":{"line":257,"type":"if","locations":[{"start":{"line":257,"column":8},"end":{"line":257,"column":8}},{"start":{"line":257,"column":8},"end":{"line":257,"column":8}}]},"23":{"line":278,"type":"if","locations":[{"start":{"line":278,"column":8},"end":{"line":278,"column":8}},{"start":{"line":278,"column":8},"end":{"line":278,"column":8}}]},"24":{"line":299,"type":"if","locations":[{"start":{"line":299,"column":15},"end":{"line":299,"column":15}},{"start":{"line":299,"column":15},"end":{"line":299,"column":15}}]},"25":{"line":323,"type":"if","locations":[{"start":{"line":323,"column":15},"end":{"line":323,"column":15}},{"start":{"line":323,"column":15},"end":{"line":323,"column":15}}]},"26":{"line":341,"type":"if","locations":[{"start":{"line":341,"column":8},"end":{"line":341,"column":8}},{"start":{"line":341,"column":8},"end":{"line":341,"column":8}}]},"27":{"line":344,"type":"if","locations":[{"start":{"line":344,"column":8},"end":{"line":344,"column":8}},{"start":{"line":344,"column":8},"end":{"line":344,"column":8}}]},"28":{"line":347,"type":"if","locations":[{"start":{"line":347,"column":8},"end":{"line":347,"column":8}},{"start":{"line":347,"column":8},"end":{"line":347,"column":8}}]},"29":{"line":354,"type":"if","locations":[{"start":{"line":354,"column":54},"end":{"line":354,"column":54}},{"start":{"line":354,"column":54},"end":{"line":354,"column":54}}]},"30":{"line":363,"type":"if","locations":[{"start":{"line":363,"column":48},"end":{"line":363,"column":51}},{"start":{"line":363,"column":55},"end":{"line":363,"column":58}}]},"31":{"line":393,"type":"if","locations":[{"start":{"line":393,"column":8},"end":{"line":393,"column":8}},{"start":{"line":393,"column":8},"end":{"line":393,"column":8}}]},"32":{"line":403,"type":"if","locations":[{"start":{"line":403,"column":8},"end":{"line":403,"column":8}},{"start":{"line":403,"column":8},"end":{"line":403,"column":8}}]},"33":{"line":418,"type":"if","locations":[{"start":{"line":418,"column":8},"end":{"line":418,"column":8}},{"start":{"line":418,"column":8},"end":{"line":418,"column":8}}]},"34":{"line":422,"type":"if","locations":[{"start":{"line":422,"column":8},"end":{"line":422,"column":8}},{"start":{"line":422,"column":8},"end":{"line":422,"column":8}}]},"35":{"line":428,"type":"if","locations":[{"start":{"line":428,"column":8},"end":{"line":428,"column":8}},{"start":{"line":428,"column":8},"end":{"line":428,"column":8}}]},"36":{"line":431,"type":"if","locations":[{"start":{"line":431,"column":8},"end":{"line":431,"column":8}},{"start":{"line":431,"column":8},"end":{"line":431,"column":8}}]},"37":{"line":437,"type":"if","locations":[{"start":{"line":437,"column":8},"end":{"line":437,"column":8}},{"start":{"line":437,"column":8},"end":{"line":437,"column":8}}]},"38":{"line":443,"type":"if","locations":[{"start":{"line":443,"column":8},"end":{"line":443,"column":8}},{"start":{"line":443,"column":8},"end":{"line":443,"column":8}}]},"39":{"line":449,"type":"if","locations":[{"start":{"line":449,"column":8},"end":{"line":449,"column":8}},{"start":{"line":449,"column":8},"end":{"line":449,"column":8}}]},"40":{"line":454,"type":"if","locations":[{"start":{"line":454,"column":8},"end":{"line":454,"column":8}},{"start":{"line":454,"column":8},"end":{"line":454,"column":8}}]},"41":{"line":461,"type":"if","locations":[{"start":{"line":461,"column":8},"end":{"line":461,"column":8}},{"start":{"line":461,"column":8},"end":{"line":461,"column":8}}]},"42":{"line":466,"type":"if","locations":[{"start":{"line":466,"column":8},"end":{"line":466,"column":8}},{"start":{"line":466,"column":8},"end":{"line":466,"column":8}}]},"43":{"line":478,"type":"if","locations":[{"start":{"line":478,"column":8},"end":{"line":478,"column":8}},{"start":{"line":478,"column":8},"end":{"line":478,"column":8}}]},"44":{"line":482,"type":"if","locations":[{"start":{"line":482,"column":8},"end":{"line":482,"column":8}},{"start":{"line":482,"column":8},"end":{"line":482,"column":8}}]},"45":{"line":493,"type":"if","locations":[{"start":{"line":493,"column":8},"end":{"line":493,"column":8}},{"start":{"line":493,"column":8},"end":{"line":493,"column":8}}]},"46":{"line":501,"type":"if","locations":[{"start":{"line":501,"column":8},"end":{"line":501,"column":8}},{"start":{"line":501,"column":8},"end":{"line":501,"column":8}}]},"47":{"line":505,"type":"if","locations":[{"start":{"line":505,"column":8},"end":{"line":505,"column":8}},{"start":{"line":505,"column":8},"end":{"line":505,"column":8}}]},"48":{"line":513,"type":"if","locations":[{"start":{"line":513,"column":8},"end":{"line":513,"column":8}},{"start":{"line":513,"column":8},"end":{"line":513,"column":8}}]},"49":{"line":523,"type":"if","locations":[{"start":{"line":523,"column":8},"end":{"line":523,"column":8}},{"start":{"line":523,"column":8},"end":{"line":523,"column":8}}]},"50":{"line":543,"type":"if","locations":[{"start":{"line":543,"column":8},"end":{"line":543,"column":8}},{"start":{"line":543,"column":8},"end":{"line":543,"column":8}}]},"51":{"line":557,"type":"if","locations":[{"start":{"line":557,"column":8},"end":{"line":557,"column":8}},{"start":{"line":557,"column":8},"end":{"line":557,"column":8}}]},"52":{"line":563,"type":"if","locations":[{"start":{"line":563,"column":8},"end":{"line":563,"column":8}},{"start":{"line":563,"column":8},"end":{"line":563,"column":8}}]},"53":{"line":566,"type":"if","locations":[{"start":{"line":566,"column":15},"end":{"line":566,"column":15}},{"start":{"line":566,"column":15},"end":{"line":566,"column":15}}]},"54":{"line":584,"type":"if","locations":[{"start":{"line":584,"column":8},"end":{"line":584,"column":8}},{"start":{"line":584,"column":8},"end":{"line":584,"column":8}}]},"55":{"line":606,"type":"if","locations":[{"start":{"line":606,"column":8},"end":{"line":606,"column":8}},{"start":{"line":606,"column":8},"end":{"line":606,"column":8}}]},"56":{"line":607,"type":"cond-expr","locations":[{"start":{"line":607,"column":12},"end":{"line":607,"column":22}},{"start":{"line":608,"column":12},"end":{"line":608,"column":25}}]},"57":{"line":607,"type":"cond-expr","locations":[{"start":{"line":607,"column":12},"end":{"line":608,"column":25}},{"start":{"line":609,"column":12},"end":{"line":609,"column":38}}]},"58":{"line":607,"type":"cond-expr","locations":[{"start":{"line":607,"column":12},"end":{"line":609,"column":38}},{"start":{"line":610,"column":12},"end":{"line":610,"column":36}}]},"59":{"line":614,"type":"if","locations":[{"start":{"line":614,"column":8},"end":{"line":614,"column":8}},{"start":{"line":614,"column":8},"end":{"line":614,"column":8}}]},"60":{"line":621,"type":"if","locations":[{"start":{"line":621,"column":8},"end":{"line":621,"column":8}},{"start":{"line":621,"column":8},"end":{"line":621,"column":8}}]},"61":{"line":632,"type":"if","locations":[{"start":{"line":632,"column":8},"end":{"line":632,"column":8}},{"start":{"line":632,"column":8},"end":{"line":632,"column":8}}]},"62":{"line":640,"type":"if","locations":[{"start":{"line":640,"column":8},"end":{"line":640,"column":8}},{"start":{"line":640,"column":8},"end":{"line":640,"column":8}}]},"63":{"line":647,"type":"if","locations":[{"start":{"line":647,"column":8},"end":{"line":647,"column":8}},{"start":{"line":647,"column":8},"end":{"line":647,"column":8}}]}}},"contracts\\interfaces\\IAegentMarketRegistry.sol":{"l":{},"path":"review-workspace/contracts/interfaces/IAegentMarketRegistry.sol","s":{},"b":{},"f":{},"fnMap":{},"statementMap":{},"branchMap":{}},"contracts\\interfaces\\IAegentPurchaseReceiptSource.sol":{"l":{},"path":"review-workspace/contracts/interfaces/IAegentPurchaseReceiptSource.sol","s":{},"b":{},"f":{},"fnMap":{},"statementMap":{},"branchMap":{}},"contracts\\interfaces\\IAegentRedemptionEndpoint.sol":{"l":{},"path":"review-workspace/contracts/interfaces/IAegentRedemptionEndpoint.sol","s":{},"b":{},"f":{},"fnMap":{},"statementMap":{},"branchMap":{}},"contracts\\interfaces\\IAegentRegistryBound.sol":{"l":{},"path":"review-workspace/contracts/interfaces/IAegentRegistryBound.sol","s":{},"b":{},"f":{},"fnMap":{},"statementMap":{},"branchMap":{}},"contracts\\interfaces\\IAegentSaleProceedsVault.sol":{"l":{},"path":"review-workspace/contracts/interfaces/IAegentSaleProceedsVault.sol","s":{},"b":{},"f":{},"fnMap":{},"statementMap":{},"branchMap":{}},"contracts\\interfaces\\IAggregatorV3.sol":{"l":{},"path":"review-workspace/contracts/interfaces/IAggregatorV3.sol","s":{},"b":{},"f":{},"fnMap":{},"statementMap":{},"branchMap":{}},"contracts\\mocks\\MockAggregatorV3.sol":{"l":{"14":0,"15":0,"16":0,"25":0,"26":0,"27":9,"28":9,"42":9},"path":"review-workspace/contracts/mocks/MockAggregatorV3.sol","s":{"1":4},"b":{},"f":{"1":0,"2":0,"3":9},"fnMap":{"1":{"name":"constructor","line":13,"loc":{"start":{"line":13,"column":4},"end":{"line":17,"column":4}}},"2":{"name":"setRoundData","line":19,"loc":{"start":{"line":19,"column":4},"end":{"line":29,"column":4}}},"3":{"name":"latestRoundData","line":31,"loc":{"start":{"line":31,"column":4},"end":{"line":49,"column":4}}}},"statementMap":{"1":{"start":{"line":42,"column":8},"end":{"line":42,"column":997}}},"branchMap":{}},"contracts\\mocks\\MockERC20.sol":{"l":{"14":0,"18":0,"22":0},"path":"review-workspace/contracts/mocks/MockERC20.sol","s":{"1":0,"2":17},"b":{},"f":{"1":0,"2":0,"3":0},"fnMap":{"1":{"name":"constructor","line":13,"loc":{"start":{"line":9,"column":4},"end":{"line":15,"column":4}}},"2":{"name":"decimals","line":17,"loc":{"start":{"line":17,"column":4},"end":{"line":19,"column":4}}},"3":{"name":"mint","line":21,"loc":{"start":{"line":21,"column":4},"end":{"line":23,"column":4}}}},"statementMap":{"1":{"start":{"line":18,"column":8},"end":{"line":18,"column":29}},"2":{"start":{"line":22,"column":8},"end":{"line":22,"column":31}}},"branchMap":{}},"contracts\\mocks\\MockSwapEndpoint.sol":{"l":{"18":0,"22":0,"26":0,"30":9,"34":44,"35":1,"39":18,"40":17,"48":24,"52":24,"56":24,"57":21},"path":"review-workspace/contracts/mocks/MockSwapEndpoint.sol","s":{"1":0,"2":4,"3":1,"4":18,"5":17},"b":{"1":[4,40],"2":[17,1]},"f":{"1":0,"2":0,"3":0,"4":9,"5":44,"6":18,"7":24},"fnMap":{"1":{"name":"constructor","line":17,"loc":{"start":{"line":17,"column":4},"end":{"line":19,"column":4}}},"2":{"name":"endpointKind","line":21,"loc":{"start":{"line":21,"column":4},"end":{"line":23,"column":4}}},"3":{"name":"setEndpointKind","line":25,"loc":{"start":{"line":25,"column":4},"end":{"line":27,"column":4}}},"4":{"name":"setAggregateReadFailure","line":29,"loc":{"start":{"line":29,"column":4},"end":{"line":31,"column":4}}},"5":{"name":"totalAgntSold","line":33,"loc":{"start":{"line":33,"column":4},"end":{"line":36,"column":4}}},"6":{"name":"totalUsdContributed18","line":38,"loc":{"start":{"line":38,"column":4},"end":{"line":41,"column":4}}},"7":{"name":"setPurchaseReceipt","line":43,"loc":{"start":{"line":43,"column":4},"end":{"line":58,"column":4}}}},"statementMap":{"1":{"start":{"line":22,"column":8},"end":{"line":22,"column":28}},"2":{"start":{"line":34,"column":8},"end":{"line":34,"column":62}},"3":{"start":{"line":35,"column":8},"end":{"line":35,"column":29}},"4":{"start":{"line":39,"column":8},"end":{"line":39,"column":62}},"5":{"start":{"line":40,"column":8},"end":{"line":40,"column":37}}},"branchMap":{"1":{"line":34,"type":"if","locations":[{"start":{"line":34,"column":8},"end":{"line":34,"column":8}},{"start":{"line":34,"column":8},"end":{"line":34,"column":8}}]},"2":{"line":39,"type":"if","locations":[{"start":{"line":39,"column":8},"end":{"line":39,"column":8}},{"start":{"line":39,"column":8},"end":{"line":39,"column":8}}]}}}}
